# JRE version: OpenJDK Runtime Environment (11.0.11+9) (build 11.0.11+9-b60-7590822)
# Java VM: OpenJDK 64-Bit Server VM (11.0.11+9-b60-7590822, mixed mode, tiered, compressed oops, g1 gc, windows-amd64)
Heap:
 garbage-first heap   total 315392K, used 95231K [0x0000000080000000, 0x0000000100000000)
  region size 1024K, 4 young (4096K), 4 survivors (4096K)
 Metaspace       used 88153K, capacity 90510K, committed 90700K, reserved 1132544K
  class space    used 11292K, capacity 12130K, committed 12160K, reserved 1048576K
GC Heap History (20 events):
Event: 0.688 GC heap before
{Heap before GC invocations=1 (full 0):
 garbage-first heap   total 262144K, used 28789K [0x0000000080000000, 0x0000000100000000)
  region size 1024K, 22 young (22528K), 3 survivors (3072K)
 Metaspace       used 11114K, capacity 11446K, committed 11520K, reserved 1058816K
  class space    used 1165K, capacity 1243K, committed 1280K, reserved 1048576K
}
Event: 0.689 GC heap after
{Heap after GC invocations=2 (full 0):
 garbage-first heap   total 262144K, used 9904K [0x0000000080000000, 0x0000000100000000)
  region size 1024K, 1 young (1024K), 1 survivors (1024K)
 Metaspace       used 11114K, capacity 11446K, committed 11520K, reserved 1058816K
  class space    used 1165K, capacity 1243K, committed 1280K, reserved 1048576K
}
Event: 1.208 GC heap before
{Heap before GC invocations=2 (full 0):
 garbage-first heap   total 262144K, used 60080K [0x0000000080000000, 0x0000000100000000)
  region size 1024K, 50 young (51200K), 1 survivors (1024K)
 Metaspace       used 17384K, capacity 17833K, committed 18048K, reserved 1064960K
  class space    used 2018K, capacity 2172K, committed 2176K, reserved 1048576K
}
Event: 1.211 GC heap after
{Heap after GC invocations=3 (full 0):
 garbage-first heap   total 262144K, used 16066K [0x0000000080000000, 0x0000000100000000)
  region size 1024K, 7 young (7168K), 7 survivors (7168K)
 Metaspace       used 17384K, capacity 17833K, committed 18048K, reserved 1064960K
  class space    used 2018K, capacity 2172K, committed 2176K, reserved 1048576K
}
Event: 1.380 GC heap before
{Heap before GC invocations=3 (full 0):
 garbage-first heap   total 262144K, used 44738K [0x0000000080000000, 0x0000000100000000)
  region size 1024K, 36 young (36864K), 7 survivors (7168K)
 Metaspace       used 20602K, capacity 21101K, committed 21248K, reserved 1067008K
  class space    used 2511K, capacity 2692K, committed 2816K, reserved 1048576K
}
Event: 1.385 GC heap after
{Heap after GC invocations=4 (full 0):
 garbage-first heap   total 262144K, used 16928K [0x0000000080000000, 0x0000000100000000)
  region size 1024K, 2 young (2048K), 2 survivors (2048K)
 Metaspace       used 20602K, capacity 21101K, committed 21248K, reserved 1067008K
  class space    used 2511K, capacity 2692K, committed 2816K, reserved 1048576K
}
Event: 1.893 GC heap before
{Heap before GC invocations=5 (full 0):
 garbage-first heap   total 262144K, used 92704K [0x0000000080000000, 0x0000000100000000)
  region size 1024K, 76 young (77824K), 2 survivors (2048K)
 Metaspace       used 27904K, capacity 28577K, committed 28800K, reserved 1075200K
  class space    used 3702K, capacity 3934K, committed 3968K, reserved 1048576K
}
Event: 1.897 GC heap after
{Heap after GC invocations=6 (full 0):
 garbage-first heap   total 262144K, used 19064K [0x0000000080000000, 0x0000000100000000)
  region size 1024K, 4 young (4096K), 4 survivors (4096K)
 Metaspace       used 27904K, capacity 28577K, committed 28800K, reserved 1075200K
  class space    used 3702K, capacity 3934K, committed 3968K, reserved 1048576K
}
Event: 2.250 GC heap before
{Heap before GC invocations=6 (full 0):
 garbage-first heap   total 262144K, used 54904K [0x0000000080000000, 0x0000000100000000)
  region size 1024K, 40 young (40960K), 4 survivors (4096K)
 Metaspace       used 35055K, capacity 35803K, committed 35840K, reserved 1081344K
  class space    used 4538K, capacity 4834K, committed 4864K, reserved 1048576K
}
Event: 2.256 GC heap after
{Heap after GC invocations=7 (full 0):
 garbage-first heap   total 262144K, used 21871K [0x0000000080000000, 0x0000000100000000)
  region size 1024K, 7 young (7168K), 7 survivors (7168K)
 Metaspace       used 35055K, capacity 35803K, committed 35840K, reserved 1081344K
  class space    used 4538K, capacity 4834K, committed 4864K, reserved 1048576K
}
Event: 3.301 GC heap before
{Heap before GC invocations=8 (full 0):
 garbage-first heap   total 262144K, used 169327K [0x0000000080000000, 0x0000000100000000)
  region size 1024K, 148 young (151552K), 7 survivors (7168K)
 Metaspace       used 45852K, capacity 47086K, committed 47308K, reserved 1089536K
  class space    used 5890K, capacity 6347K, committed 6400K, reserved 1048576K
}
Event: 3.311 GC heap after
{Heap after GC invocations=9 (full 0):
 garbage-first heap   total 262144K, used 29935K [0x0000000080000000, 0x0000000100000000)
  region size 1024K, 14 young (14336K), 14 survivors (14336K)
 Metaspace       used 45852K, capacity 47086K, committed 47308K, reserved 1089536K
  class space    used 5890K, capacity 6347K, committed 6400K, reserved 1048576K
}
Event: 5.434 GC heap before
{Heap before GC invocations=9 (full 0):
 garbage-first heap   total 262144K, used 162031K [0x0000000080000000, 0x0000000100000000)
  region size 1024K, 137 young (140288K), 14 survivors (14336K)
 Metaspace       used 58632K, capacity 60186K, committed 60236K, reserved 1101824K
  class space    used 7431K, capacity 8024K, committed 8064K, reserved 1048576K
}
Event: 5.451 GC heap after
{Heap after GC invocations=10 (full 0):
 garbage-first heap   total 262144K, used 49204K [0x0000000080000000, 0x0000000100000000)
  region size 1024K, 19 young (19456K), 19 survivors (19456K)
 Metaspace       used 58632K, capacity 60186K, committed 60236K, reserved 1101824K
  class space    used 7431K, capacity 8024K, committed 8064K, reserved 1048576K
}
Event: 6.952 GC heap before
{Heap before GC invocations=11 (full 0):
 garbage-first heap   total 262144K, used 186420K [0x0000000080000000, 0x0000000100000000)
  region size 1024K, 153 young (156672K), 19 survivors (19456K)
 Metaspace       used 69288K, capacity 71002K, committed 71244K, reserved 1112064K
  class space    used 8921K, capacity 9565K, committed 9600K, reserved 1048576K
}
Event: 6.964 GC heap after
{Heap after GC invocations=12 (full 0):
 garbage-first heap   total 262144K, used 60600K [0x0000000080000000, 0x0000000100000000)
  region size 1024K, 12 young (12288K), 12 survivors (12288K)
 Metaspace       used 69288K, capacity 71002K, committed 71244K, reserved 1112064K
  class space    used 8921K, capacity 9565K, committed 9600K, reserved 1048576K
}
Event: 8.705 GC heap before
{Heap before GC invocations=12 (full 0):
 garbage-first heap   total 262144K, used 203960K [0x0000000080000000, 0x0000000100000000)
  region size 1024K, 145 young (148480K), 12 survivors (12288K)
 Metaspace       used 81860K, capacity 83910K, committed 84172K, reserved 1122304K
  class space    used 10669K, capacity 11403K, committed 11520K, reserved 1048576K
}
Event: 8.715 GC heap after
{Heap after GC invocations=13 (full 0):
 garbage-first heap   total 262144K, used 68608K [0x0000000080000000, 0x0000000100000000)
  region size 1024K, 9 young (9216K), 9 survivors (9216K)
 Metaspace       used 81860K, capacity 83910K, committed 84172K, reserved 1122304K
  class space    used 10669K, capacity 11403K, committed 11520K, reserved 1048576K
}
Event: 9.913 GC heap before
{Heap before GC invocations=13 (full 0):
 garbage-first heap   total 262144K, used 206848K [0x0000000080000000, 0x0000000100000000)
  region size 1024K, 140 young (143360K), 9 survivors (9216K)
 Metaspace       used 86116K, capacity 88388K, committed 88524K, reserved 1126400K
  class space    used 11121K, capacity 11978K, committed 12032K, reserved 1048576K
}
Event: 9.933 GC heap after
{Heap after GC invocations=14 (full 0):
 garbage-first heap   total 262144K, used 90112K [0x0000000080000000, 0x0000000100000000)
  region size 1024K, 18 young (18432K), 18 survivors (18432K)
 Metaspace       used 86116K, capacity 88388K, committed 88524K, reserved 1126400K
  class space    used 11121K, capacity 11978K, committed 12032K, reserved 1048576K
}

