# JRE version: OpenJDK Runtime Environment (11.0.11+9) (build 11.0.11+9-b60-7590822)
# Java VM: OpenJDK 64-Bit Server VM (11.0.11+9-b60-7590822, mixed mode, tiered, compressed oops, g1 gc, windows-amd64)
Heap:
 garbage-first heap   total 262144K, used 34685K [0x0000000080000000, 0x0000000100000000)
  region size 1024K, 15 young (15360K), 14 survivors (14336K)
 Metaspace       used 47237K, capacity 48682K, committed 48896K, reserved 1091584K
  class space    used 6044K, capacity 6530K, committed 6656K, reserved 1048576K
GC Heap History (15 events):
Event: 0.637 GC heap before
{Heap before GC invocations=0 (full 0):
 garbage-first heap   total 262144K, used 27648K [0x0000000080000000, 0x0000000100000000)
  region size 1024K, 22 young (22528K), 0 survivors (0K)
 Metaspace       used 9980K, capacity 10211K, committed 10368K, reserved 1058816K
  class space    used 1034K, capacity 1106K, committed 1152K, reserved 1048576K
}
Event: 0.641 GC heap after
{Heap after GC invocations=1 (full 0):
 garbage-first heap   total 262144K, used 9108K [0x0000000080000000, 0x0000000100000000)
  region size 1024K, 3 young (3072K), 3 survivors (3072K)
 Metaspace       used 9980K, capacity 10211K, committed 10368K, reserved 1058816K
  class space    used 1034K, capacity 1106K, committed 1152K, reserved 1048576K
}
Event: 0.945 GC heap before
{Heap before GC invocations=1 (full 0):
 garbage-first heap   total 262144K, used 44948K [0x0000000080000000, 0x0000000100000000)
  region size 1024K, 38 young (38912K), 3 survivors (3072K)
 Metaspace       used 11172K, capacity 11390K, committed 11520K, reserved 1058816K
  class space    used 1165K, capacity 1243K, committed 1280K, reserved 1048576K
}
Event: 0.947 GC heap after
{Heap after GC invocations=2 (full 0):
 garbage-first heap   total 262144K, used 12396K [0x0000000080000000, 0x0000000100000000)
  region size 1024K, 4 young (4096K), 4 survivors (4096K)
 Metaspace       used 11172K, capacity 11390K, committed 11520K, reserved 1058816K
  class space    used 1165K, capacity 1243K, committed 1280K, reserved 1048576K
}
Event: 1.572 GC heap before
{Heap before GC invocations=2 (full 0):
 garbage-first heap   total 262144K, used 59500K [0x0000000080000000, 0x0000000100000000)
  region size 1024K, 51 young (52224K), 4 survivors (4096K)
 Metaspace       used 18924K, capacity 19376K, committed 19584K, reserved 1067008K
  class space    used 2275K, capacity 2407K, committed 2432K, reserved 1048576K
}
Event: 1.577 GC heap after
{Heap after GC invocations=3 (full 0):
 garbage-first heap   total 262144K, used 16123K [0x0000000080000000, 0x0000000100000000)
  region size 1024K, 7 young (7168K), 7 survivors (7168K)
 Metaspace       used 18924K, capacity 19376K, committed 19584K, reserved 1067008K
  class space    used 2275K, capacity 2407K, committed 2432K, reserved 1048576K
}
Event: 1.683 GC heap before
{Heap before GC invocations=3 (full 0):
 garbage-first heap   total 262144K, used 30459K [0x0000000080000000, 0x0000000100000000)
  region size 1024K, 22 young (22528K), 7 survivors (7168K)
 Metaspace       used 20574K, capacity 21109K, committed 21248K, reserved 1067008K
  class space    used 2508K, capacity 2692K, committed 2816K, reserved 1048576K
}
Event: 1.687 GC heap after
{Heap after GC invocations=4 (full 0):
 garbage-first heap   total 262144K, used 16961K [0x0000000080000000, 0x0000000100000000)
  region size 1024K, 5 young (5120K), 5 survivors (5120K)
 Metaspace       used 20574K, capacity 21109K, committed 21248K, reserved 1067008K
  class space    used 2508K, capacity 2692K, committed 2816K, reserved 1048576K
}
Event: 2.143 GC heap before
{Heap before GC invocations=5 (full 0):
 garbage-first heap   total 262144K, used 82497K [0x0000000080000000, 0x0000000100000000)
  region size 1024K, 69 young (70656K), 5 survivors (5120K)
 Metaspace       used 26696K, capacity 27446K, committed 27648K, reserved 1073152K
  class space    used 3521K, capacity 3791K, committed 3840K, reserved 1048576K
}
Event: 2.148 GC heap after
{Heap after GC invocations=6 (full 0):
 garbage-first heap   total 262144K, used 18906K [0x0000000080000000, 0x0000000100000000)
  region size 1024K, 7 young (7168K), 7 survivors (7168K)
 Metaspace       used 26696K, capacity 27446K, committed 27648K, reserved 1073152K
  class space    used 3521K, capacity 3791K, committed 3840K, reserved 1048576K
}
Event: 3.102 GC heap before
{Heap before GC invocations=7 (full 0):
 garbage-first heap   total 262144K, used 145882K [0x0000000080000000, 0x0000000100000000)
  region size 1024K, 129 young (132096K), 7 survivors (7168K)
 Metaspace       used 40414K, capacity 41493K, committed 41728K, reserved 1085440K
  class space    used 5198K, capacity 5545K, committed 5632K, reserved 1048576K
}
Event: 3.113 GC heap after
{Heap after GC invocations=8 (full 0):
 garbage-first heap   total 262144K, used 28128K [0x0000000080000000, 0x0000000100000000)
  region size 1024K, 16 young (16384K), 16 survivors (16384K)
 Metaspace       used 40414K, capacity 41493K, committed 41728K, reserved 1085440K
  class space    used 5198K, capacity 5545K, committed 5632K, reserved 1048576K
}
Event: 3.396 GC heap before
{Heap before GC invocations=8 (full 0):
 garbage-first heap   total 262144K, used 75232K [0x0000000080000000, 0x0000000100000000)
  region size 1024K, 63 young (64512K), 16 survivors (16384K)
 Metaspace       used 44642K, capacity 45909K, committed 46080K, reserved 1089536K
  class space    used 5733K, capacity 6144K, committed 6144K, reserved 1048576K
}
Event: 3.406 GC heap after
{Heap after GC invocations=9 (full 0):
 garbage-first heap   total 262144K, used 28933K [0x0000000080000000, 0x0000000100000000)
  region size 1024K, 11 young (11264K), 11 survivors (11264K)
 Metaspace       used 44642K, capacity 45909K, committed 46080K, reserved 1089536K
  class space    used 5733K, capacity 6144K, committed 6144K, reserved 1048576K
}
Event: 16.338 GC heap before
{Heap before GC invocations=10 (full 0):
 garbage-first heap   total 262144K, used 81157K [0x0000000080000000, 0x0000000100000000)
  region size 1024K, 62 young (63488K), 11 survivors (11264K)
 Metaspace       used 47237K, capacity 48680K, committed 48768K, reserved 1091584K
  class space    used 6044K, capacity 6528K, committed 6528K, reserved 1048576K
}

