# JRE version: OpenJDK Runtime Environment (11.0+28) (build 11+28)
# Java VM: OpenJDK 64-Bit Server VM (11+28, mixed mode, tiered, compressed oops, g1 gc, windows-amd64)
Heap:
 garbage-first heap   total 210944K, used 139972K [0x0000000080000000, 0x0000000100000000)
  region size 1024K, 8 young (8192K), 2 survivors (2048K)
 Metaspace       used 127988K, capacity 130918K, committed 131072K, reserved 1163264K
  class space    used 15575K, capacity 16634K, committed 16640K, reserved 1048576K
GC Heap History (10 events):
Event: 198.598 GC heap before
{Heap before GC invocations=77 (full 0):
 garbage-first heap   total 210944K, used 173391K [0x0000000080000000, 0x0000000100000000)
  region size 1024K, 52 young (53248K), 2 survivors (2048K)
 Metaspace       used 119723K, capacity 122462K, committed 122752K, reserved 1157120K
  class space    used 14639K, capacity 15649K, committed 15744K, reserved 1048576K
}
Event: 198.655 GC heap after
{Heap after GC invocations=78 (full 0):
 garbage-first heap   total 210944K, used 133362K [0x0000000080000000, 0x0000000100000000)
  region size 1024K, 7 young (7168K), 7 survivors (7168K)
 Metaspace       used 119723K, capacity 122462K, committed 122752K, reserved 1157120K
  class space    used 14639K, capacity 15649K, committed 15744K, reserved 1048576K
}
Event: 200.224 GC heap before
{Heap before GC invocations=78 (full 0):
 garbage-first heap   total 210944K, used 171250K [0x0000000080000000, 0x0000000100000000)
  region size 1024K, 45 young (46080K), 7 survivors (7168K)
 Metaspace       used 124917K, capacity 127755K, committed 128000K, reserved 1161216K
  class space    used 15307K, capacity 16324K, committed 16384K, reserved 1048576K
}
Event: 200.304 GC heap after
{Heap after GC invocations=79 (full 0):
 garbage-first heap   total 210944K, used 137734K [0x0000000080000000, 0x0000000100000000)
  region size 1024K, 4 young (4096K), 4 survivors (4096K)
 Metaspace       used 124917K, capacity 127755K, committed 128000K, reserved 1161216K
  class space    used 15307K, capacity 16324K, committed 16384K, reserved 1048576K
}
Event: 214.658 GC heap before
{Heap before GC invocations=79 (full 0):
 garbage-first heap   total 210944K, used 175622K [0x0000000080000000, 0x0000000100000000)
  region size 1024K, 41 young (41984K), 4 survivors (4096K)
 Metaspace       used 127303K, capacity 130216K, committed 130304K, reserved 1163264K
  class space    used 15566K, capacity 16617K, committed 16640K, reserved 1048576K
}
Event: 214.713 GC heap after
{Heap after GC invocations=80 (full 0):
 garbage-first heap   total 210944K, used 138397K [0x0000000080000000, 0x0000000100000000)
  region size 1024K, 3 young (3072K), 3 survivors (3072K)
 Metaspace       used 127303K, capacity 130216K, committed 130304K, reserved 1163264K
  class space    used 15566K, capacity 16617K, committed 16640K, reserved 1048576K
}
Event: 363.142 GC heap before
{Heap before GC invocations=81 (full 0):
 garbage-first heap   total 210944K, used 173213K [0x0000000080000000, 0x0000000100000000)
  region size 1024K, 40 young (40960K), 3 survivors (3072K)
 Metaspace       used 127803K, capacity 130761K, committed 130816K, reserved 1163264K
  class space    used 15571K, capacity 16628K, committed 16640K, reserved 1048576K
}
Event: 363.156 GC heap after
{Heap after GC invocations=82 (full 0):
 garbage-first heap   total 210944K, used 140036K [0x0000000080000000, 0x0000000100000000)
  region size 1024K, 5 young (5120K), 5 survivors (5120K)
 Metaspace       used 127803K, capacity 130761K, committed 130816K, reserved 1163264K
  class space    used 15571K, capacity 16628K, committed 16640K, reserved 1048576K
}
Event: 363.394 GC heap before
{Heap before GC invocations=82 (full 0):
 garbage-first heap   total 210944K, used 144132K [0x0000000080000000, 0x0000000100000000)
  region size 1024K, 10 young (10240K), 5 survivors (5120K)
 Metaspace       used 127890K, capacity 130834K, committed 131072K, reserved 1163264K
  class space    used 15572K, capacity 16629K, committed 16640K, reserved 1048576K
}
Event: 363.451 GC heap after
{Heap after GC invocations=83 (full 0):
 garbage-first heap   total 210944K, used 134852K [0x0000000080000000, 0x0000000100000000)
  region size 1024K, 2 young (2048K), 2 survivors (2048K)
 Metaspace       used 127890K, capacity 130834K, committed 131072K, reserved 1163264K
  class space    used 15572K, capacity 16629K, committed 16640K, reserved 1048576K
}

