# JRE version: OpenJDK Runtime Environment (11.0.11+9) (build 11.0.11+9-b60-7590822)
# Java VM: OpenJDK 64-Bit Server VM (11.0.11+9-b60-7590822, mixed mode, tiered, compressed oops, g1 gc, windows-amd64)
Heap:
 garbage-first heap   total 262144K, used 149186K [0x0000000080000000, 0x0000000100000000)
  region size 1024K, 8 young (8192K), 7 survivors (7168K)
 Metaspace       used 137583K, capacity 141581K, committed 143396K, reserved 1173504K
  class space    used 16973K, capacity 18399K, committed 19072K, reserved 1048576K
GC Heap History (20 events):
Event: 118.374 GC heap before
{Heap before GC invocations=36 (full 0):
 garbage-first heap   total 262144K, used 141694K [0x0000000080000000, 0x0000000100000000)
  region size 1024K, 12 young (12288K), 3 survivors (3072K)
 Metaspace       used 122017K, capacity 125124K, committed 125348K, reserved 1159168K
  class space    used 14881K, capacity 16019K, committed 16128K, reserved 1048576K
}
Event: 118.381 GC heap after
{Heap after GC invocations=37 (full 0):
 garbage-first heap   total 262144K, used 119807K [0x0000000080000000, 0x0000000100000000)
  region size 1024K, 2 young (2048K), 2 survivors (2048K)
 Metaspace       used 122017K, capacity 125124K, committed 125348K, reserved 1159168K
  class space    used 14881K, capacity 16019K, committed 16128K, reserved 1048576K
}
Event: 118.959 GC heap before
{Heap before GC invocations=37 (full 0):
 garbage-first heap   total 262144K, used 208895K [0x0000000080000000, 0x0000000100000000)
  region size 1024K, 90 young (92160K), 2 survivors (2048K)
 Metaspace       used 131190K, capacity 135096K, committed 135332K, reserved 1167360K
  class space    used 16367K, capacity 17874K, committed 17920K, reserved 1048576K
}
Event: 118.972 GC heap after
{Heap after GC invocations=38 (full 0):
 garbage-first heap   total 262144K, used 128372K [0x0000000080000000, 0x0000000100000000)
  region size 1024K, 10 young (10240K), 10 survivors (10240K)
 Metaspace       used 131190K, capacity 135096K, committed 135332K, reserved 1167360K
  class space    used 16367K, capacity 17874K, committed 17920K, reserved 1048576K
}
Event: 121.373 GC heap before
{Heap before GC invocations=39 (full 0):
 garbage-first heap   total 262144K, used 212340K [0x0000000080000000, 0x0000000100000000)
  region size 1024K, 92 young (94208K), 10 survivors (10240K)
 Metaspace       used 135511K, capacity 139812K, committed 139940K, reserved 1171456K
  class space    used 16977K, capacity 18609K, committed 18688K, reserved 1048576K
}
Event: 121.377 GC heap after
{Heap after GC invocations=40 (full 0):
 garbage-first heap   total 262144K, used 125030K [0x0000000080000000, 0x0000000100000000)
  region size 1024K, 5 young (5120K), 5 survivors (5120K)
 Metaspace       used 135511K, capacity 139812K, committed 139940K, reserved 1171456K
  class space    used 16977K, capacity 18609K, committed 18688K, reserved 1048576K
}
Event: 121.423 GC heap before
{Heap before GC invocations=40 (full 0):
 garbage-first heap   total 262144K, used 132198K [0x0000000080000000, 0x0000000100000000)
  region size 1024K, 12 young (12288K), 5 survivors (5120K)
 Metaspace       used 135812K, capacity 140091K, committed 140196K, reserved 1171456K
  class space    used 17022K, capacity 18677K, committed 18688K, reserved 1048576K
}
Event: 121.436 GC heap after
{Heap after GC invocations=41 (full 0):
 garbage-first heap   total 262144K, used 125270K [0x0000000080000000, 0x0000000100000000)
  region size 1024K, 2 young (2048K), 2 survivors (2048K)
 Metaspace       used 135812K, capacity 140091K, committed 140196K, reserved 1171456K
  class space    used 17022K, capacity 18677K, committed 18688K, reserved 1048576K
}
Event: 408.527 GC heap before
{Heap before GC invocations=41 (full 0):
 garbage-first heap   total 262144K, used 225622K [0x0000000080000000, 0x0000000100000000)
  region size 1024K, 87 young (89088K), 2 survivors (2048K)
 Metaspace       used 138394K, capacity 142961K, committed 143140K, reserved 1173504K
  class space    used 17323K, capacity 19030K, committed 19072K, reserved 1048576K
}
Event: 408.532 GC heap after
{Heap after GC invocations=42 (full 0):
 garbage-first heap   total 262144K, used 128417K [0x0000000080000000, 0x0000000100000000)
  region size 1024K, 6 young (6144K), 6 survivors (6144K)
 Metaspace       used 138394K, capacity 142961K, committed 143140K, reserved 1173504K
  class space    used 17323K, capacity 19030K, committed 19072K, reserved 1048576K
}
Event: 408.720 GC heap before
{Heap before GC invocations=42 (full 0):
 garbage-first heap   total 262144K, used 138657K [0x0000000080000000, 0x0000000100000000)
  region size 1024K, 18 young (18432K), 6 survivors (6144K)
 Metaspace       used 138501K, capacity 142978K, committed 143140K, reserved 1173504K
  class space    used 17324K, capacity 19032K, committed 19072K, reserved 1048576K
}
Event: 408.732 GC heap after
{Heap after GC invocations=43 (full 0):
 garbage-first heap   total 262144K, used 131195K [0x0000000080000000, 0x0000000100000000)
  region size 1024K, 8 young (8192K), 8 survivors (8192K)
 Metaspace       used 138501K, capacity 142978K, committed 143140K, reserved 1173504K
  class space    used 17324K, capacity 19032K, committed 19072K, reserved 1048576K
}
Event: 410.085 GC heap before
{Heap before GC invocations=44 (full 0):
 garbage-first heap   total 262144K, used 225403K [0x0000000080000000, 0x0000000100000000)
  region size 1024K, 91 young (93184K), 8 survivors (8192K)
 Metaspace       used 137323K, capacity 141241K, committed 143140K, reserved 1173504K
  class space    used 16958K, capacity 18374K, committed 19072K, reserved 1048576K
}
Event: 410.095 GC heap after
{Heap after GC invocations=45 (full 0):
 garbage-first heap   total 262144K, used 146712K [0x0000000080000000, 0x0000000100000000)
  region size 1024K, 12 young (12288K), 12 survivors (12288K)
 Metaspace       used 137323K, capacity 141241K, committed 143140K, reserved 1173504K
  class space    used 16958K, capacity 18374K, committed 19072K, reserved 1048576K
}
Event: 410.097 GC heap before
{Heap before GC invocations=45 (full 0):
 garbage-first heap   total 262144K, used 147736K [0x0000000080000000, 0x0000000100000000)
  region size 1024K, 13 young (13312K), 12 survivors (12288K)
 Metaspace       used 137323K, capacity 141241K, committed 143140K, reserved 1173504K
  class space    used 16958K, capacity 18374K, committed 19072K, reserved 1048576K
}
Event: 410.105 GC heap after
{Heap after GC invocations=46 (full 0):
 garbage-first heap   total 262144K, used 143033K [0x0000000080000000, 0x0000000100000000)
  region size 1024K, 1 young (1024K), 1 survivors (1024K)
 Metaspace       used 137323K, capacity 141241K, committed 143140K, reserved 1173504K
  class space    used 16958K, capacity 18374K, committed 19072K, reserved 1048576K
}
Event: 411.294 GC heap before
{Heap before GC invocations=46 (full 0):
 garbage-first heap   total 262144K, used 222905K [0x0000000080000000, 0x0000000100000000)
  region size 1024K, 65 young (66560K), 1 survivors (1024K)
 Metaspace       used 137458K, capacity 141375K, committed 143140K, reserved 1173504K
  class space    used 16970K, capacity 18395K, committed 19072K, reserved 1048576K
}
Event: 411.298 GC heap after
{Heap after GC invocations=47 (full 0):
 garbage-first heap   total 262144K, used 144903K [0x0000000080000000, 0x0000000100000000)
  region size 1024K, 3 young (3072K), 3 survivors (3072K)
 Metaspace       used 137458K, capacity 141375K, committed 143140K, reserved 1173504K
  class space    used 16970K, capacity 18395K, committed 19072K, reserved 1048576K
}
Event: 448.395 GC heap before
{Heap before GC invocations=47 (full 0):
 garbage-first heap   total 262144K, used 211463K [0x0000000080000000, 0x0000000100000000)
  region size 1024K, 69 young (70656K), 3 survivors (3072K)
 Metaspace       used 137575K, capacity 141578K, committed 143396K, reserved 1173504K
  class space    used 16971K, capacity 18398K, committed 19072K, reserved 1048576K
}
Event: 448.398 GC heap after
{Heap after GC invocations=48 (full 0):
 garbage-first heap   total 262144K, used 149186K [0x0000000080000000, 0x0000000100000000)
  region size 1024K, 7 young (7168K), 7 survivors (7168K)
 Metaspace       used 137575K, capacity 141578K, committed 143396K, reserved 1173504K
  class space    used 16971K, capacity 18398K, committed 19072K, reserved 1048576K
}

