# JRE version: OpenJDK Runtime Environment (11.0.11+9) (build 11.0.11+9-b60-7590822)
# Java VM: OpenJDK 64-Bit Server VM (11.0.11+9-b60-7590822, mixed mode, tiered, compressed oops, g1 gc, windows-amd64)
Heap:
 garbage-first heap   total 315392K, used 211175K [0x0000000080000000, 0x0000000100000000)
  region size 1024K, 84 young (86016K), 8 survivors (8192K)
 Metaspace       used 168393K, capacity 173020K, committed 174164K, reserved 1202176K
  class space    used 20244K, capacity 21968K, committed 22016K, reserved 1048576K
GC Heap History (20 events):
Event: 3099.096 GC heap before
{Heap before GC invocations=53 (full 0):
 garbage-first heap   total 315392K, used 264662K [0x0000000080000000, 0x0000000100000000)
  region size 1024K, 118 young (120832K), 4 survivors (4096K)
 Metaspace       used 166943K, capacity 171124K, committed 173140K, reserved 1200128K
  class space    used 20047K, capacity 21608K, committed 22016K, reserved 1048576K
}
Event: 3099.102 GC heap after
{Heap after GC invocations=54 (full 0):
 garbage-first heap   total 315392K, used 135415K [0x0000000080000000, 0x0000000100000000)
  region size 1024K, 11 young (11264K), 11 survivors (11264K)
 Metaspace       used 166943K, capacity 171124K, committed 173140K, reserved 1200128K
  class space    used 20047K, capacity 21608K, committed 22016K, reserved 1048576K
}
Event: 3099.111 GC heap before
{Heap before GC invocations=54 (full 0):
 garbage-first heap   total 315392K, used 138487K [0x0000000080000000, 0x0000000100000000)
  region size 1024K, 15 young (15360K), 11 survivors (11264K)
 Metaspace       used 166944K, capacity 171124K, committed 173140K, reserved 1200128K
  class space    used 20047K, capacity 21608K, committed 22016K, reserved 1048576K
}
Event: 3099.121 GC heap after
{Heap after GC invocations=55 (full 0):
 garbage-first heap   total 315392K, used 129307K [0x0000000080000000, 0x0000000100000000)
  region size 1024K, 2 young (2048K), 2 survivors (2048K)
 Metaspace       used 166944K, capacity 171124K, committed 173140K, reserved 1200128K
  class space    used 20047K, capacity 21608K, committed 22016K, reserved 1048576K
}
Event: 3099.255 GC heap before
{Heap before GC invocations=55 (full 0):
 garbage-first heap   total 315392K, used 135451K [0x0000000080000000, 0x0000000100000000)
  region size 1024K, 9 young (9216K), 2 survivors (2048K)
 Metaspace       used 166944K, capacity 171124K, committed 173140K, reserved 1200128K
  class space    used 20047K, capacity 21608K, committed 22016K, reserved 1048576K
}
Event: 3099.258 GC heap after
{Heap after GC invocations=56 (full 0):
 garbage-first heap   total 315392K, used 128952K [0x0000000080000000, 0x0000000100000000)
  region size 1024K, 1 young (1024K), 1 survivors (1024K)
 Metaspace       used 166944K, capacity 171124K, committed 173140K, reserved 1200128K
  class space    used 20047K, capacity 21608K, committed 22016K, reserved 1048576K
}
Event: 3435.090 GC heap before
{Heap before GC invocations=57 (full 0):
 garbage-first heap   total 315392K, used 274360K [0x0000000080000000, 0x0000000100000000)
  region size 1024K, 122 young (124928K), 1 survivors (1024K)
 Metaspace       used 169236K, capacity 173594K, committed 173908K, reserved 1202176K
  class space    used 20195K, capacity 21779K, committed 22016K, reserved 1048576K
}
Event: 3435.095 GC heap after
{Heap after GC invocations=58 (full 0):
 garbage-first heap   total 315392K, used 137948K [0x0000000080000000, 0x0000000100000000)
  region size 1024K, 8 young (8192K), 8 survivors (8192K)
 Metaspace       used 169236K, capacity 173594K, committed 173908K, reserved 1202176K
  class space    used 20195K, capacity 21779K, committed 22016K, reserved 1048576K
}
Event: 3435.133 GC heap before
{Heap before GC invocations=58 (full 0):
 garbage-first heap   total 315392K, used 145116K [0x0000000080000000, 0x0000000100000000)
  region size 1024K, 15 young (15360K), 8 survivors (8192K)
 Metaspace       used 169313K, capacity 173675K, committed 173908K, reserved 1202176K
  class space    used 20203K, capacity 21793K, committed 22016K, reserved 1048576K
}
Event: 3435.145 GC heap after
{Heap after GC invocations=59 (full 0):
 garbage-first heap   total 315392K, used 131507K [0x0000000080000000, 0x0000000100000000)
  region size 1024K, 2 young (2048K), 2 survivors (2048K)
 Metaspace       used 169313K, capacity 173675K, committed 173908K, reserved 1202176K
  class space    used 20203K, capacity 21793K, committed 22016K, reserved 1048576K
}
Event: 3435.229 GC heap before
{Heap before GC invocations=59 (full 0):
 garbage-first heap   total 315392K, used 136627K [0x0000000080000000, 0x0000000100000000)
  region size 1024K, 8 young (8192K), 2 survivors (2048K)
 Metaspace       used 169434K, capacity 173846K, committed 174164K, reserved 1202176K
  class space    used 20218K, capacity 21822K, committed 22016K, reserved 1048576K
}
Event: 3435.235 GC heap after
{Heap after GC invocations=60 (full 0):
 garbage-first heap   total 315392K, used 132265K [0x0000000080000000, 0x0000000100000000)
  region size 1024K, 3 young (3072K), 3 survivors (3072K)
 Metaspace       used 169434K, capacity 173846K, committed 174164K, reserved 1202176K
  class space    used 20218K, capacity 21822K, committed 22016K, reserved 1048576K
}
Event: 3437.569 GC heap before
{Heap before GC invocations=61 (full 0):
 garbage-first heap   total 315392K, used 232617K [0x0000000080000000, 0x0000000100000000)
  region size 1024K, 80 young (81920K), 3 survivors (3072K)
 Metaspace       used 167856K, capacity 172339K, committed 174164K, reserved 1202176K
  class space    used 20172K, capacity 21837K, committed 22016K, reserved 1048576K
}
Event: 3437.575 GC heap after
{Heap after GC invocations=62 (full 0):
 garbage-first heap   total 315392K, used 135410K [0x0000000080000000, 0x0000000100000000)
  region size 1024K, 6 young (6144K), 6 survivors (6144K)
 Metaspace       used 167856K, capacity 172339K, committed 174164K, reserved 1202176K
  class space    used 20172K, capacity 21837K, committed 22016K, reserved 1048576K
}
Event: 3437.596 GC heap before
{Heap before GC invocations=62 (full 0):
 garbage-first heap   total 315392K, used 143602K [0x0000000080000000, 0x0000000100000000)
  region size 1024K, 15 young (15360K), 6 survivors (6144K)
 Metaspace       used 167859K, capacity 172339K, committed 174164K, reserved 1202176K
  class space    used 20172K, capacity 21837K, committed 22016K, reserved 1048576K
}
Event: 3437.609 GC heap after
{Heap after GC invocations=63 (full 0):
 garbage-first heap   total 315392K, used 124382K [0x0000000080000000, 0x0000000100000000)
  region size 1024K, 2 young (2048K), 2 survivors (2048K)
 Metaspace       used 167859K, capacity 172339K, committed 174164K, reserved 1202176K
  class space    used 20172K, capacity 21837K, committed 22016K, reserved 1048576K
}
Event: 3457.706 GC heap before
{Heap before GC invocations=63 (full 0):
 garbage-first heap   total 315392K, used 195038K [0x0000000080000000, 0x0000000100000000)
  region size 1024K, 73 young (74752K), 2 survivors (2048K)
 Metaspace       used 168095K, capacity 172747K, committed 174164K, reserved 1202176K
  class space    used 20208K, capacity 21903K, committed 22016K, reserved 1048576K
}
Event: 3457.711 GC heap after
{Heap after GC invocations=64 (full 0):
 garbage-first heap   total 315392K, used 126592K [0x0000000080000000, 0x0000000100000000)
  region size 1024K, 5 young (5120K), 5 survivors (5120K)
 Metaspace       used 168095K, capacity 172747K, committed 174164K, reserved 1202176K
  class space    used 20208K, capacity 21903K, committed 22016K, reserved 1048576K
}
Event: 4565.545 GC heap before
{Heap before GC invocations=65 (full 0):
 garbage-first heap   total 315392K, used 195200K [0x0000000080000000, 0x0000000100000000)
  region size 1024K, 63 young (64512K), 5 survivors (5120K)
 Metaspace       used 168293K, capacity 172956K, committed 174164K, reserved 1202176K
  class space    used 20232K, capacity 21947K, committed 22016K, reserved 1048576K
}
Event: 4565.557 GC heap after
{Heap after GC invocations=66 (full 0):
 garbage-first heap   total 315392K, used 128231K [0x0000000080000000, 0x0000000100000000)
  region size 1024K, 8 young (8192K), 8 survivors (8192K)
 Metaspace       used 168293K, capacity 172956K, committed 174164K, reserved 1202176K
  class space    used 20232K, capacity 21947K, committed 22016K, reserved 1048576K
}

